<?xml version="1.0" encoding="UTF-8"?>
<testng-results skipped="1" failed="0" ignored="0" total="3" passed="2">
  <reporter-output>
  </reporter-output>
  <suite name="Default suite" duration-ms="28036" started-at="2021-09-19T12:36:38Z" finished-at="2021-09-19T12:37:06Z">
    <groups>
      <group name="cucumber">
        <method signature="AbstractTestNGCucumberTests.runScenario(io.cucumber.testng.PickleWrapper, io.cucumber.testng.FeatureWrapper)[pri:0, instance:parallelRunTestNG.ParallelRun@b8a058]" name="runScenario" class="io.cucumber.testng.AbstractTestNGCucumberTests"/>
      </group> <!-- cucumber -->
    </groups>
    <test name="Default test" duration-ms="28036" started-at="2021-09-19T12:36:38Z" finished-at="2021-09-19T12:37:06Z">
      <class name="parallelRunTestNG.ParallelRun">
        <test-method status="PASS" signature="setUpClass()[pri:0, instance:parallelRunTestNG.ParallelRun@b8a058]" name="setUpClass" is-config="true" duration-ms="1202" started-at="2021-09-19T18:06:38Z" finished-at="2021-09-19T18:06:39Z">
          <reporter-output>
          </reporter-output>
        </test-method> <!-- setUpClass -->
        <test-method status="SKIP" signature="runScenario(io.cucumber.testng.PickleWrapper, io.cucumber.testng.FeatureWrapper)[pri:0, instance:parallelRunTestNG.ParallelRun@b8a058]" name="runScenario" duration-ms="11226" started-at="2021-09-19T18:06:39Z" description="Runs Cucumber Scenarios" data-provider="scenarios" finished-at="2021-09-19T18:06:50Z">
          <params>
            <param index="0">
              <value>
                <![CDATA["Validate the Login functionality with correct credentials"]]>
              </value>
            </param>
            <param index="1">
              <value>
                <![CDATA["Optional[Verify the Login Page functionality of Automation Practice]"]]>
              </value>
            </param>
          </params>
          <exception class="org.testng.SkipException">
            <message>
              <![CDATA[got: <false>, expected: is <true>]]>
            </message>
            <full-stacktrace>
              <![CDATA[org.testng.SkipException: got: <false>, expected: is <true>
	at io.cucumber.testng.TestCaseResultObserver.lambda$assertTestCasePassed$1(TestCaseResultObserver.java:27)
	at io.cucumber.testng.TestCaseResultObserver$$Lambda$829/26054794.apply(Unknown Source)
	at io.cucumber.core.runtime.TestCaseResultObserver.assertTestCasePassed(TestCaseResultObserver.java:66)
	at io.cucumber.testng.TestCaseResultObserver.assertTestCasePassed(TestCaseResultObserver.java:23)
	at io.cucumber.testng.TestNGCucumberRunner.lambda$runScenario$0(TestNGCucumberRunner.java:118)
	at io.cucumber.testng.TestNGCucumberRunner$$Lambda$124/7512177.accept(Unknown Source)
	at io.cucumber.core.runtime.CucumberExecutionContext.runTestCase(CucumberExecutionContext.java:117)
	at io.cucumber.testng.TestNGCucumberRunner.runScenario(TestNGCucumberRunner.java:114)
	at io.cucumber.testng.AbstractTestNGCucumberTests.runScenario(AbstractTestNGCucumberTests.java:31)
	at sun.reflect.NativeMethodAccessorImpl.invoke0(Native Method)
	at sun.reflect.NativeMethodAccessorImpl.invoke(Unknown Source)
	at sun.reflect.DelegatingMethodAccessorImpl.invoke(Unknown Source)
	at java.lang.reflect.Method.invoke(Unknown Source)
	at org.testng.internal.MethodInvocationHelper.invokeMethod(MethodInvocationHelper.java:104)
	at org.testng.internal.Invoker.invokeMethod(Invoker.java:645)
	at org.testng.internal.Invoker.invokeTestMethod(Invoker.java:851)
	at org.testng.internal.TestMethodWithDataProviderMethodWorker.call(TestMethodWithDataProviderMethodWorker.java:75)
	at org.testng.internal.TestMethodWithDataProviderMethodWorker.call(TestMethodWithDataProviderMethodWorker.java:14)
	at java.util.concurrent.FutureTask.run(Unknown Source)
	at java.util.concurrent.Executors$RunnableAdapter.call(Unknown Source)
	at java.util.concurrent.FutureTask.run(Unknown Source)
	at java.util.concurrent.ThreadPoolExecutor.runWorker(Unknown Source)
	at java.util.concurrent.ThreadPoolExecutor$Worker.run(Unknown Source)
	at java.lang.Thread.run(Unknown Source)
Caused by: org.junit.AssumptionViolatedException: got: <false>, expected: is <true>
	at org.junit.Assume.assumeThat(Assume.java:106)
	at org.junit.Assume.assumeTrue(Assume.java:50)
	at parallelRunTestNG.Hooks.skipScenario(Hooks.java:23)
]]>
            </full-stacktrace>
          </exception> <!-- org.testng.SkipException -->
          <reporter-output>
          </reporter-output>
        </test-method> <!-- runScenario -->
        <test-method status="PASS" signature="runScenario(io.cucumber.testng.PickleWrapper, io.cucumber.testng.FeatureWrapper)[pri:0, instance:parallelRunTestNG.ParallelRun@b8a058]" name="runScenario" duration-ms="18923" started-at="2021-09-19T18:06:39Z" description="Runs Cucumber Scenarios" data-provider="scenarios" finished-at="2021-09-19T18:06:58Z">
          <params>
            <param index="0">
              <value>
                <![CDATA["Validate the login page title"]]>
              </value>
            </param>
            <param index="1">
              <value>
                <![CDATA["Optional[Verify the Login Page functionality of Automation Practice]"]]>
              </value>
            </param>
          </params>
          <reporter-output>
          </reporter-output>
        </test-method> <!-- runScenario -->
        <test-method status="PASS" signature="runScenario(io.cucumber.testng.PickleWrapper, io.cucumber.testng.FeatureWrapper)[pri:0, instance:parallelRunTestNG.ParallelRun@b8a058]" name="runScenario" duration-ms="19038" started-at="2021-09-19T18:06:39Z" description="Runs Cucumber Scenarios" data-provider="scenarios" finished-at="2021-09-19T18:06:58Z">
          <params>
            <param index="0">
              <value>
                <![CDATA["Validate the Forgot Your Password link"]]>
              </value>
            </param>
            <param index="1">
              <value>
                <![CDATA["Optional[Verify the Login Page functionality of Automation Practice]"]]>
              </value>
            </param>
          </params>
          <reporter-output>
          </reporter-output>
        </test-method> <!-- runScenario -->
        <test-method status="PASS" signature="tearDownClass()[pri:0, instance:parallelRunTestNG.ParallelRun@b8a058]" name="tearDownClass" is-config="true" duration-ms="7759" started-at="2021-09-19T18:06:58Z" finished-at="2021-09-19T18:07:06Z">
          <reporter-output>
          </reporter-output>
        </test-method> <!-- tearDownClass -->
      </class> <!-- parallelRunTestNG.ParallelRun -->
    </test> <!-- Default test -->
  </suite> <!-- Default suite -->
</testng-results>
